<?xml version="1.0" encoding="UTF-8"?>
<testng-results ignored="0" total="1" passed="1" failed="0" skipped="0">
  <reporter-output>
  </reporter-output>
  <suite started-at="2023-08-12T16:00:43 CDT" name="Suite" finished-at="2023-08-12T16:01:14 CDT" duration-ms="31133">
    <groups>
    </groups>
    <test started-at="2023-08-12T16:00:43 CDT" name="Test" finished-at="2023-08-12T16:01:14 CDT" duration-ms="31133">
      <class name="in.co.mercuryTravel.tests.MercuryTravelTestCases">
        <test-method is-config="true" signature="preSetup()[pri:0, instance:in.co.mercuryTravel.tests.MercuryTravelTestCases@47af7f3d]" started-at="2023-08-12T16:00:43 CDT" name="preSetup" finished-at="2023-08-12T16:00:43 CDT" duration-ms="142" status="PASS">
          <reporter-output>
          </reporter-output>
        </test-method> <!-- preSetup -->
        <test-method is-config="true" signature="setup()[pri:0, instance:in.co.mercuryTravel.tests.MercuryTravelTestCases@47af7f3d]" started-at="2023-08-12T16:00:43 CDT" name="setup" finished-at="2023-08-12T16:01:00 CDT" duration-ms="16309" status="PASS">
          <reporter-output>
          </reporter-output>
        </test-method> <!-- setup -->
        <test-method signature="verifyUserLoginWithCorrectCredentials()[pri:0, instance:in.co.mercuryTravel.tests.MercuryTravelTestCases@47af7f3d]" started-at="2023-08-12T16:01:00 CDT" name="verifyUserLoginWithCorrectCredentials" finished-at="2023-08-12T16:01:14 CDT" duration-ms="14140" status="PASS">
          <reporter-output>
          </reporter-output>
        </test-method> <!-- verifyUserLoginWithCorrectCredentials -->
        <test-method is-config="true" signature="afterMethod(org.testng.ITestResult)[pri:0, instance:in.co.mercuryTravel.tests.MercuryTravelTestCases@47af7f3d]" started-at="2023-08-12T16:01:14 CDT" name="afterMethod" finished-at="2023-08-12T16:01:14 CDT" duration-ms="42" status="PASS">
          <params>
            <param index="0">
              <value>
                <![CDATA[[TestResult name=verifyUserLoginWithCorrectCredentials status=SUCCESS method=MercuryTravelTestCases.verifyUserLoginWithCorrectCredentials()[pri:0, instance:in.co.mercuryTravel.tests.MercuryTravelTestCases@47af7f3d] output={null}]]]>
              </value>
            </param>
          </params>
          <reporter-output>
          </reporter-output>
        </test-method> <!-- afterMethod -->
        <test-method is-config="true" signature="cleanup()[pri:0, instance:in.co.mercuryTravel.tests.MercuryTravelTestCases@47af7f3d]" started-at="2023-08-12T16:01:14 CDT" name="cleanup" finished-at="2023-08-12T16:01:14 CDT" duration-ms="576" status="PASS">
          <reporter-output>
          </reporter-output>
        </test-method> <!-- cleanup -->
        <test-method is-config="true" signature="postCleanup()[pri:0, instance:in.co.mercuryTravel.tests.MercuryTravelTestCases@47af7f3d]" started-at="2023-08-12T16:01:14 CDT" name="postCleanup" finished-at="2023-08-12T16:01:15 CDT" duration-ms="622" status="PASS">
          <reporter-output>
          </reporter-output>
        </test-method> <!-- postCleanup -->
      </class> <!-- in.co.mercuryTravel.tests.MercuryTravelTestCases -->
    </test> <!-- Test -->
  </suite> <!-- Suite -->
</testng-results>
