<?xml version="1.0" encoding="UTF-8"?>
<!-- Generated by org.testng.reporters.JUnitXMLReporter -->
<testsuite ignored="1" hostname="Santoshs-Air.lan" failures="0" tests="1" name="Test" time="31.133" errors="0" timestamp="2023-08-12T16:01:14 CDT">
  <testcase classname="in.co.mercuryTravel.tests.MercuryTravelTestCases" name="verifyUserLoginWithCorrectCredentials" time="14.14"/>
  <testcase classname="in.co.mercuryTravel.tests.MercuryTravelTestCases" name="verifyUserLoginWithCorrectCredentials" time="0.0">
    <ignored/>
  </testcase> <!-- verifyUserLoginWithCorrectCredentials -->
</testsuite> <!-- Test -->
